{"name": "Test Authorized endpoint - Successful Authentication", "status": "failed", "statusDetails": {"message": "AssertionError: Token is not generated\nassert None is not None", "trace": "@allure.title(\"Test Authorized endpoint - Successful Authentication\")\n    def test_authorized_success():\n        global token\n        with allure.step(\"Sending POST request to Authorized endpoint\"):\n>           assert token is not None, \"Token is not generated\"\nE           AssertionError: Token is not generated\nE           assert None is not None\n\nswagger_test.py:26: AssertionError"}, "steps": [{"name": "Sending POST request to Authorized endpoint", "status": "failed", "statusDetails": {"message": "AssertionError: Token is not generated\nassert None is not None\n", "trace": "  File \"C:\\Users\\Romidamaru\\Desktop\\Основная\\Коды\\swagger_test\\swagger_test.py\", line 26, in test_authorized_success\n    assert token is not None, \"Token is not generated\"\n"}, "start": 1715448513698, "stop": 1715448513698}], "start": 1715448513697, "stop": 1715448513699, "uuid": "e0dbca4f-e046-41e3-8b03-f1e6a6c4459b", "historyId": "af4f21644c68840652a7a5c4bccab2a8", "testCaseId": "af4f21644c68840652a7a5c4bccab2a8", "fullName": "swagger_test#test_authorized_success", "labels": [{"name": "suite", "value": "swagger_test"}, {"name": "host", "value": "Romidamaru"}, {"name": "thread", "value": "13800-MainThread"}, {"name": "framework", "value": "pytest"}, {"name": "language", "value": "cpython3"}, {"name": "package", "value": "swagger_test"}]}