{"name": "Test User creation endpoint", "status": "failed", "statusDetails": {"message": "AssertionError: Unexpected code and response content: 400 {'code': '1300', 'message': \"Passwords must have at least one non alphanumeric character, one digit ('0'-'9'), one uppercase ('A'-'Z'), one lowercase ('a'-'z'), one special character and Password must be eight characters or longer.\"}\nassert 400 == 201\n +  where 400 = <Response [400]>.status_code", "trace": "@allure.title(\"Test User creation endpoint\")\n    def test_create_user():\n        with allure.step(\"Sending POST request to User creation endpoint\"):\n            response = requests.post(f\"{BASE_URL}/User\", json=example_user)\n    \n        with allure.step(\"Verifying response status code\"):\n>           assert response.status_code == 201, f\"Unexpected code and response content: {response.status_code} {response.json()}\"\nE           AssertionError: Unexpected code and response content: 400 {'code': '1300', 'message': \"Passwords must have at least one non alphanumeric character, one digit ('0'-'9'), one uppercase ('A'-'Z'), one lowercase ('a'-'z'), one special character and Password must be eight characters or longer.\"}\nE           assert 400 == 201\nE            +  where 400 = <Response [400]>.status_code\n\nswagger_test.py:40: AssertionError"}, "steps": [{"name": "Sending POST request to User creation endpoint", "status": "passed", "start": 1715447608644, "stop": 1715447609411}, {"name": "Verifying response status code", "status": "failed", "statusDetails": {"message": "AssertionError: Unexpected code and response content: 400 {'code': '1300', 'message': \"Passwords must have at least one non alphanumeric character, one digit ('0'-'9'), one uppercase ('A'-'Z'), one lowercase ('a'-'z'), one special character and Password must be eight characters or longer.\"}\nassert 400 == 201\n +  where 400 = <Response [400]>.status_code\n", "trace": "  File \"C:\\Users\\Romidamaru\\Desktop\\Основная\\Коды\\swagger_test\\swagger_test.py\", line 40, in test_create_user\n    assert response.status_code == 201, f\"Unexpected code and response content: {response.status_code} {response.json()}\"\n"}, "start": 1715447609411, "stop": 1715447609411}], "start": 1715447608644, "stop": 1715447609412, "uuid": "f0d2bf8c-5527-46d0-9094-a5a1de4abcb5", "historyId": "c01bf43f7014baab292466ea3da27252", "testCaseId": "c01bf43f7014baab292466ea3da27252", "fullName": "swagger_test#test_create_user", "labels": [{"name": "suite", "value": "swagger_test"}, {"name": "host", "value": "Romidamaru"}, {"name": "thread", "value": "15320-MainThread"}, {"name": "framework", "value": "pytest"}, {"name": "language", "value": "cpython3"}, {"name": "package", "value": "swagger_test"}]}