{"name": "Test Authorized endpoint - Successful Authentication", "status": "failed", "statusDetails": {"message": "AssertionError: Unexpected response content: {'code': '1207', 'message': 'User not found!'}\nassert {'code': '1207', 'message': 'User not found!'} == True\n +  where {'code': '1207', 'message': 'User not found!'} = <bound method Response.json of <Response [404]>>()\n +    where <bound method Response.json of <Response [404]>> = <Response [404]>.json", "trace": "@allure.title(\"Test Authorized endpoint - Successful Authentication\")\n    def test_authorized_success():\n        with allure.step(\"Sending POST request to Authorized endpoint\"):\n            response = requests.post(f\"{BASE_URL}/Authorized\", json=example_user)\n>           assert response.json() == True, f\"Unexpected response content: {response.json()}\"\nE           AssertionError: Unexpected response content: {'code': '1207', 'message': 'User not found!'}\nE           assert {'code': '1207', 'message': 'User not found!'} == True\nE            +  where {'code': '1207', 'message': 'User not found!'} = <bound method Response.json of <Response [404]>>()\nE            +    where <bound method Response.json of <Response [404]>> = <Response [404]>.json\n\nswagger_test.py:22: AssertionError"}, "steps": [{"name": "Sending POST request to Authorized endpoint", "status": "failed", "statusDetails": {"message": "AssertionError: Unexpected response content: {'code': '1207', 'message': 'User not found!'}\nassert {'code': '1207', 'message': 'User not found!'} == True\n +  where {'code': '1207', 'message': 'User not found!'} = <bound method Response.json of <Response [404]>>()\n +    where <bound method Response.json of <Response [404]>> = <Response [404]>.json\n", "trace": "  File \"C:\\Users\\Romidamaru\\Desktop\\Основная\\Коды\\swagger_test\\swagger_test.py\", line 22, in test_authorized_success\n    assert response.json() == True, f\"Unexpected response content: {response.json()}\"\n"}, "start": 1715438282464, "stop": 1715438283466}], "start": 1715438282464, "stop": 1715438283467, "uuid": "383839be-0ea1-4e75-9be2-8235a0959d2d", "historyId": "af4f21644c68840652a7a5c4bccab2a8", "testCaseId": "af4f21644c68840652a7a5c4bccab2a8", "fullName": "swagger_test#test_authorized_success", "labels": [{"name": "suite", "value": "swagger_test"}, {"name": "host", "value": "Romidamaru"}, {"name": "thread", "value": "8944-MainThread"}, {"name": "framework", "value": "pytest"}, {"name": "language", "value": "cpython3"}, {"name": "package", "value": "swagger_test"}]}