{"name": "Test User creation endpoint", "status": "failed", "statusDetails": {"message": "AssertionError: Unexpected response status code: 400\nassert 400 in range(201, 300)\n +  where 400 = <Response [400]>.status_code\n +  and   range(201, 300) = range(201, 300)", "trace": "@allure.title(\"Test User creation endpoint\")\n    def test_create_user():\n        with allure.step(\"Sending POST request to User creation endpoint\"):\n            response = requests.post(f\"{BASE_URL}/User\", json=example_user)\n    \n        with allure.step(\"Verifying response status code\"):\n>           assert response.status_code in range(201, 300), f\"Unexpected response status code: {response.status_code}\"\nE           AssertionError: Unexpected response status code: 400\nE           assert 400 in range(201, 300)\nE            +  where 400 = <Response [400]>.status_code\nE            +  and   range(201, 300) = range(201, 300)\n\nswagger_test.py:40: AssertionError"}, "steps": [{"name": "Sending POST request to User creation endpoint", "status": "passed", "start": 1715438374144, "stop": 1715438374990}, {"name": "Verifying response status code", "status": "failed", "statusDetails": {"message": "AssertionError: Unexpected response status code: 400\nassert 400 in range(201, 300)\n +  where 400 = <Response [400]>.status_code\n +  and   range(201, 300) = range(201, 300)\n", "trace": "  File \"C:\\Users\\Romidamaru\\Desktop\\Основная\\Коды\\swagger_test\\swagger_test.py\", line 40, in test_create_user\n    assert response.status_code in range(201, 300), f\"Unexpected response status code: {response.status_code}\"\n"}, "start": 1715438374990, "stop": 1715438374990}], "start": 1715438374143, "stop": 1715438374991, "uuid": "59366466-0d0e-4b0e-bd85-5980ea994beb", "historyId": "c01bf43f7014baab292466ea3da27252", "testCaseId": "c01bf43f7014baab292466ea3da27252", "fullName": "swagger_test#test_create_user", "labels": [{"name": "suite", "value": "swagger_test"}, {"name": "host", "value": "Romidamaru"}, {"name": "thread", "value": "2736-MainThread"}, {"name": "framework", "value": "pytest"}, {"name": "language", "value": "cpython3"}, {"name": "package", "value": "swagger_test"}]}