{"name": "Test Get User Details endpoint", "status": "failed", "statusDetails": {"message": "AssertionError: Token is not generated\nassert None is not None", "trace": "@allure.title(\"Test Get User Details endpoint\")\n    def test_get_user_details():\n        global token\n        global user_id\n        with allure.step(\"Sending GET request to Get User Details endpoint\"):\n>           assert token is not None, \"Token is not generated\"\nE           AssertionError: Token is not generated\nE           assert None is not None\n\nswagger_test.py:61: AssertionError"}, "steps": [{"name": "Sending GET request to Get User Details endpoint", "status": "failed", "statusDetails": {"message": "AssertionError: Token is not generated\nassert None is not None\n", "trace": "  File \"C:\\Users\\Romidamaru\\Desktop\\Основная\\Коды\\swagger_test\\swagger_test.py\", line 61, in test_get_user_details\n    assert token is not None, \"Token is not generated\"\n"}, "start": 1715448953228, "stop": 1715448953228}], "start": 1715448953228, "stop": 1715448953229, "uuid": "1eb627b6-176e-4888-bd22-7fc7dcf9cd9a", "historyId": "4fa7c63d6a437616fb2dbeda5c89433f", "testCaseId": "4fa7c63d6a437616fb2dbeda5c89433f", "fullName": "swagger_test#test_get_user_details", "labels": [{"name": "suite", "value": "swagger_test"}, {"name": "host", "value": "Romidamaru"}, {"name": "thread", "value": "11108-MainThread"}, {"name": "framework", "value": "pytest"}, {"name": "language", "value": "cpython3"}, {"name": "package", "value": "swagger_test"}]}