{"name": "Test Get User Details endpoint", "status": "failed", "statusDetails": {"message": "AssertionError: Token is not generated\nassert None is not None", "trace": "@allure.title(\"Test Get User Details endpoint\")\n    def test_get_user_details():\n        global token\n        user_id = \"1\"\n        with allure.step(\"Sending GET request to Get User Details endpoint\"):\n>           assert token is not None, \"Token is not generated\"\nE           AssertionError: Token is not generated\nE           assert None is not None\n\nswagger_test.py:43: AssertionError"}, "steps": [{"name": "Sending GET request to Get User Details endpoint", "status": "failed", "statusDetails": {"message": "AssertionError: Token is not generated\nassert None is not None\n", "trace": "  File \"C:\\Users\\Romidamaru\\Desktop\\Основная\\Коды\\swagger_test\\swagger_test.py\", line 43, in test_get_user_details\n    assert token is not None, \"Token is not generated\"\n"}, "start": 1715448513846, "stop": 1715448513846}], "start": 1715448513845, "stop": 1715448513846, "uuid": "f0716d16-f321-4dfd-8b90-845c6ad6b8fb", "historyId": "4fa7c63d6a437616fb2dbeda5c89433f", "testCaseId": "4fa7c63d6a437616fb2dbeda5c89433f", "fullName": "swagger_test#test_get_user_details", "labels": [{"name": "suite", "value": "swagger_test"}, {"name": "host", "value": "Romidamaru"}, {"name": "thread", "value": "13800-MainThread"}, {"name": "framework", "value": "pytest"}, {"name": "language", "value": "cpython3"}, {"name": "package", "value": "swagger_test"}]}