{"name": "Test User creation endpoint", "status": "failed", "statusDetails": {"message": "AssertionError: Token is not generated\nassert None is not None", "trace": "@allure.title(\"Test User creation endpoint\")\n    def test_create_user():\n        with allure.step(\"Sending POST request to User creation endpoint\"):\n>           assert token is not None, \"Token is not generated\"\nE           AssertionError: Token is not generated\nE           assert None is not None\n\nswagger_test.py:34: AssertionError"}, "steps": [{"name": "Sending POST request to User creation endpoint", "status": "failed", "statusDetails": {"message": "AssertionError: Token is not generated\nassert None is not None\n", "trace": "  File \"C:\\Users\\Romidamaru\\Desktop\\Основная\\Коды\\swagger_test\\swagger_test.py\", line 34, in test_create_user\n    assert token is not None, \"Token is not generated\"\n"}, "start": 1715448513835, "stop": 1715448513835}], "start": 1715448513835, "stop": 1715448513835, "uuid": "eb64a6d4-dfb2-473b-a275-f230e8b28f97", "historyId": "c01bf43f7014baab292466ea3da27252", "testCaseId": "c01bf43f7014baab292466ea3da27252", "fullName": "swagger_test#test_create_user", "labels": [{"name": "suite", "value": "swagger_test"}, {"name": "host", "value": "Romidamaru"}, {"name": "thread", "value": "13800-MainThread"}, {"name": "framework", "value": "pytest"}, {"name": "language", "value": "cpython3"}, {"name": "package", "value": "swagger_test"}]}